<?xml version="1.0" encoding="UTF-8"?>
<testng-results ignored="0" total="1" passed="1" failed="0" skipped="0">
  <reporter-output>
  </reporter-output>
  <suite started-at="2022-01-14T01:28:16Z" name="Suite" finished-at="2022-01-14T01:28:20Z" duration-ms="3393">
    <groups>
    </groups>
    <test started-at="2022-01-14T01:28:16Z" name="Test" finished-at="2022-01-14T01:28:20Z" duration-ms="3393">
      <class name="com.training.test.LoginTest">
        <test-method is-config="true" signature="setup()[pri:0, instance:com.training.test.LoginTest@5e403b4a]" started-at="2022-01-14T01:28:16Z" name="setup" finished-at="2022-01-14T01:28:19Z" duration-ms="2899" status="PASS">
          <reporter-output>
          </reporter-output>
        </test-method> <!-- setup -->
        <test-method signature="test()[pri:0, instance:com.training.test.LoginTest@5e403b4a]" started-at="2022-01-14T01:28:19Z" name="test" finished-at="2022-01-14T01:28:19Z" duration-ms="320" status="PASS">
          <reporter-output>
          </reporter-output>
        </test-method> <!-- test -->
        <test-method is-config="true" signature="setUp()[pri:0, instance:com.training.test.LoginTest@5e403b4a]" started-at="2022-01-14T01:28:19Z" name="setUp" finished-at="2022-01-14T01:28:20Z" duration-ms="157" status="PASS">
          <reporter-output>
          </reporter-output>
        </test-method> <!-- setUp -->
      </class> <!-- com.training.test.LoginTest -->
    </test> <!-- Test -->
  </suite> <!-- Suite -->
</testng-results>
